<?xml version="1.0" encoding="UTF-8"?>
<!-- Generated by org.testng.reporters.JUnitReportReporter -->
<testsuite skipped="0" hostname="Admin-PC" name="demoRestAssured.staticjsondatausingfile" tests="1" failures="0" timestamp="2021-01-16T12:26:40 IST" time="5.463" errors="0">
  <testcase name="staticJsonData" time="5.463" classname="demoRestAssured.staticjsondatausingfile"/>
  <system-out/>
</testsuite> <!-- demoRestAssured.staticjsondatausingfile -->
