<?xml version="1.0" encoding="UTF-8"?>
<!-- Generated by org.testng.reporters.JUnitReportReporter -->
<testsuite skipped="0" hostname="Admin-PC" name="demoRestAssured.dynamicjson" tests="3" failures="0" timestamp="2021-01-16T11:40:38 IST" time="4.666" errors="0">
  <testcase name="addBook" time="4.136" classname="demoRestAssured.dynamicjson"/>
  <system-out/>
  <testcase name="addBook" time="0.271" classname="demoRestAssured.dynamicjson"/>
  <system-out/>
  <testcase name="addBook" time="0.259" classname="demoRestAssured.dynamicjson"/>
  <system-out/>
</testsuite> <!-- demoRestAssured.dynamicjson -->
