<?xml version="1.0" encoding="UTF-8"?>
<!-- Generated by org.testng.reporters.JUnitReportReporter -->
<testsuite skipped="0" hostname="Admin-PC" name="demoRestAssured.dynamicjsonwhilecallingmethod" tests="1" failures="0" timestamp="2021-01-16T11:59:49 IST" time="4.927" errors="0">
  <testcase name="addBook" time="4.927" classname="demoRestAssured.dynamicjsonwhilecallingmethod"/>
  <system-out/>
</testsuite> <!-- demoRestAssured.dynamicjsonwhilecallingmethod -->
